#
# There is insufficient memory for the Java Runtime Environment to continue.
# Native memory allocation (mmap) failed to map 257949696 bytes for Failed to commit area from 0x000000070bc00000 to 0x000000071b200000 of length 257949696.
# Possible reasons:
#   The system is out of physical RAM or swap space
#   The process is running with CompressedOops enabled, and the Java Heap may be blocking the growth of the native heap
# Possible solutions:
#   Reduce memory load on the system
#   Increase physical memory or swap space
#   Check if swap backing store is full
#   Decrease Java heap size (-Xmx/-Xms)
#   Decrease number of Java threads
#   Decrease Java thread stack sizes (-Xss)
#   Set larger code cache with -XX:ReservedCodeCacheSize=
# This output file may be truncated or incomplete.
#
#  Out of Memory Error (./src/hotspot/os/windows/os_windows.cpp:3387), pid=34200, tid=24248
#
# JRE version:  (11.0.14.1+1) (build )
# Java VM: OpenJDK 64-Bit Server VM (11.0.14.1+1, mixed mode, sharing, tiered, compressed oops, g1 gc, windows-amd64)
# No core dump will be written. Minidumps are not enabled by default on client versions of Windows
#

---------------  S U M M A R Y ------------

Command Line: -Dfile.encoding=UTF-8 

Host: AMD Ryzen 7 6800H with Radeon Graphics         , 16 cores, 15G,  Windows 11 , 64 bit Build 22621 (10.0.22621.2428)
Time: Mon Nov  6 22:24:28 2023 Malay Peninsula Standard Time elapsed time: 0.171222 seconds (0d 0h 0m 0s)

---------------  T H R E A D  ---------------

Current thread (0x000001f486338800):  JavaThread "Unknown thread" [_thread_in_vm, id=24248, stack(0x000000dcf1a00000,0x000000dcf1b00000)]

Stack: [0x000000dcf1a00000,0x000000dcf1b00000]
Native frames: (J=compiled Java code, j=interpreted, Vv=VM code, C=native code)
V  [jvm.dll+0x61e59a]
V  [jvm.dll+0x7aaca9]
V  [jvm.dll+0x7ac398]
V  [jvm.dll+0x7aca73]
V  [jvm.dll+0x24f9b8]
V  [jvm.dll+0x61b83a]
V  [jvm.dll+0x6100c5]
V  [jvm.dll+0x30772c]
V  [jvm.dll+0x3075b2]
V  [jvm.dll+0x30c2d6]
V  [jvm.dll+0x35272f]
V  [jvm.dll+0x352160]
V  [jvm.dll+0x2e4728]
V  [jvm.dll+0x2e5886]
V  [jvm.dll+0x784b07]
V  [jvm.dll+0x78628f]
V  [jvm.dll+0x35f479]
V  [jvm.dll+0x767aa0]
V  [jvm.dll+0x3ccf1f]
V  [jvm.dll+0x3cf2b1]
C  [jli.dll+0x5207]
C  [ucrtbase.dll+0x29363]
C  [KERNEL32.DLL+0x1257d]
C  [ntdll.dll+0x5aa78]


---------------  P R O C E S S  ---------------

Threads class SMR info:
_java_thread_list=0x000001f4840c35b0, length=0, elements={
}

Java Threads: ( => current thread )

Other Threads:
  0x000001f486351000 GCTaskThread "GC Thread#0" [stack: 0x000000dcf1b00000,0x000000dcf1c00000] [id=32716]
  0x000001f4863ad800 ConcurrentGCThread "G1 Main Marker" [stack: 0x000000dcf1c00000,0x000000dcf1d00000] [id=34668]
  0x000001f4863af000 ConcurrentGCThread "G1 Conc#0" [stack: 0x000000dcf1d00000,0x000000dcf1e00000] [id=33564]

[error occurred during error reporting (printing all threads), id 0xc0000005, EXCEPTION_ACCESS_VIOLATION (0xc0000005) at pc=0x00007ff862bb3ef7]

VM state:not at safepoint (not fully initialized)

VM Mutex/Monitor currently owned by a thread:  ([mutex/lock_event])
[0x000001f486336050] Heap_lock - owner thread: 0x000001f486338800

Heap address: 0x000000070bc00000, size: 3908 MB, Compressed Oops mode: Non-zero based: 0x000000070bc00000
Narrow klass base: 0x0000000000000000, Narrow klass shift: 0

GC Heap History (0 events):
No events

Deoptimization events (0 events):
No events

Classes redefined (0 events):
No events

Internal exceptions (0 events):
No events

Events (1 events):
Event: 0.166 Loaded shared library D:\Tech\Adobe Unity\2022.3.11f1\Editor\Data\PlaybackEngines\AndroidPlayer\OpenJDK\bin\zip.dll


Dynamic libraries:
0x00007ff652600000 - 0x00007ff65260d000 	D:\Tech\Adobe Unity\2022.3.11f1\Editor\Data\PlaybackEngines\AndroidPlayer\OpenJDK\bin\java.exe
0x00007ff8e6f10000 - 0x00007ff8e7127000 	C:\WINDOWS\SYSTEM32\ntdll.dll
0x00007ff8e6e00000 - 0x00007ff8e6ec4000 	C:\WINDOWS\System32\KERNEL32.DLL
0x00007ff8e47a0000 - 0x00007ff8e4b46000 	C:\WINDOWS\System32\KERNELBASE.dll
0x00007ff8e4400000 - 0x00007ff8e4511000 	C:\WINDOWS\System32\ucrtbase.dll
0x00007ff8deeb0000 - 0x00007ff8deec7000 	D:\Tech\Adobe Unity\2022.3.11f1\Editor\Data\PlaybackEngines\AndroidPlayer\OpenJDK\bin\jli.dll
0x00007ff8e5ff0000 - 0x00007ff8e619d000 	C:\WINDOWS\System32\USER32.dll
0x00007ff8e4520000 - 0x00007ff8e4546000 	C:\WINDOWS\System32\win32u.dll
0x00007ff8d14b0000 - 0x00007ff8d1743000 	C:\WINDOWS\WinSxS\amd64_microsoft.windows.common-controls_6595b64144ccf1df_6.0.22621.2361_none_2712ced57382f843\COMCTL32.dll
0x00007ff8e6780000 - 0x00007ff8e67a9000 	C:\WINDOWS\System32\GDI32.dll
0x00007ff8e4ce0000 - 0x00007ff8e4d87000 	C:\WINDOWS\System32\msvcrt.dll
0x00007ff8e4550000 - 0x00007ff8e4668000 	C:\WINDOWS\System32\gdi32full.dll
0x00007ff8e4b50000 - 0x00007ff8e4bea000 	C:\WINDOWS\System32\msvcp_win.dll
0x00007ff8d8230000 - 0x00007ff8d8245000 	D:\Tech\Adobe Unity\2022.3.11f1\Editor\Data\PlaybackEngines\AndroidPlayer\OpenJDK\bin\VCRUNTIME140.dll
0x00007ff8e4e10000 - 0x00007ff8e4e41000 	C:\WINDOWS\System32\IMM32.DLL
0x00007ff8b5030000 - 0x00007ff8b50cb000 	D:\Tech\Adobe Unity\2022.3.11f1\Editor\Data\PlaybackEngines\AndroidPlayer\OpenJDK\bin\msvcp140.dll
0x00007ff8628c0000 - 0x00007ff863441000 	D:\Tech\Adobe Unity\2022.3.11f1\Editor\Data\PlaybackEngines\AndroidPlayer\OpenJDK\bin\server\jvm.dll
0x00007ff8e66d0000 - 0x00007ff8e6780000 	C:\WINDOWS\System32\ADVAPI32.dll
0x00007ff8e6620000 - 0x00007ff8e66c6000 	C:\WINDOWS\System32\sechost.dll
0x00007ff8e4e50000 - 0x00007ff8e4f67000 	C:\WINDOWS\System32\RPCRT4.dll
0x00007ff8e5260000 - 0x00007ff8e5268000 	C:\WINDOWS\System32\PSAPI.DLL
0x00007ff8dc890000 - 0x00007ff8dc8c4000 	C:\WINDOWS\SYSTEM32\WINMM.dll
0x00007ff8a1e20000 - 0x00007ff8a1e29000 	C:\WINDOWS\SYSTEM32\WSOCK32.dll
0x00007ff8dc7d0000 - 0x00007ff8dc7da000 	C:\WINDOWS\SYSTEM32\VERSION.dll
0x00007ff8e56f0000 - 0x00007ff8e5761000 	C:\WINDOWS\System32\WS2_32.dll
0x00007ff8e3390000 - 0x00007ff8e33a8000 	C:\WINDOWS\SYSTEM32\kernel.appcore.dll
0x00007ff8df800000 - 0x00007ff8df810000 	D:\Tech\Adobe Unity\2022.3.11f1\Editor\Data\PlaybackEngines\AndroidPlayer\OpenJDK\bin\verify.dll
0x00007ff8e16e0000 - 0x00007ff8e190e000 	C:\WINDOWS\SYSTEM32\DBGHELP.DLL
0x00007ff8e6970000 - 0x00007ff8e6cfa000 	C:\WINDOWS\System32\combase.dll
0x00007ff8e6d20000 - 0x00007ff8e6df7000 	C:\WINDOWS\System32\OLEAUT32.dll
0x00007ff8dbe00000 - 0x00007ff8dbe32000 	C:\WINDOWS\SYSTEM32\dbgcore.DLL
0x00007ff8e4bf0000 - 0x00007ff8e4c6a000 	C:\WINDOWS\System32\bcryptPrimitives.dll
0x00007ff8d8200000 - 0x00007ff8d8228000 	D:\Tech\Adobe Unity\2022.3.11f1\Editor\Data\PlaybackEngines\AndroidPlayer\OpenJDK\bin\java.dll
0x00007ff8df400000 - 0x00007ff8df40a000 	D:\Tech\Adobe Unity\2022.3.11f1\Editor\Data\PlaybackEngines\AndroidPlayer\OpenJDK\bin\jimage.dll
0x00007ff8d81e0000 - 0x00007ff8d81f8000 	D:\Tech\Adobe Unity\2022.3.11f1\Editor\Data\PlaybackEngines\AndroidPlayer\OpenJDK\bin\zip.dll

dbghelp: loaded successfully - version: 4.0.5 - missing functions: none
symbol engine: initialized successfully - sym options: 0x614 - pdb path: .;D:\Tech\Adobe Unity\2022.3.11f1\Editor\Data\PlaybackEngines\AndroidPlayer\OpenJDK\bin;C:\WINDOWS\SYSTEM32;C:\WINDOWS\WinSxS\amd64_microsoft.windows.common-controls_6595b64144ccf1df_6.0.22621.2361_none_2712ced57382f843;D:\Tech\Adobe Unity\2022.3.11f1\Editor\Data\PlaybackEngines\AndroidPlayer\OpenJDK\bin\server

VM Arguments:
jvm_args: -Dfile.encoding=UTF-8 
java_command: <unknown>
java_class_path (initial): <not set>
Launcher Type: SUN_STANDARD

[Global flags]
     intx CICompilerCount                          = 12                                        {product} {ergonomic}
     uint ConcGCThreads                            = 3                                         {product} {ergonomic}
     uint G1ConcRefinementThreads                  = 13                                        {product} {ergonomic}
   size_t G1HeapRegionSize                         = 1048576                                   {product} {ergonomic}
    uintx GCDrainStackTargetSize                   = 64                                        {product} {ergonomic}
   size_t InitialHeapSize                          = 257949696                                 {product} {ergonomic}
   size_t MarkStackSize                            = 4194304                                   {product} {ergonomic}
   size_t MaxHeapSize                              = 4097835008                                {product} {ergonomic}
   size_t MinHeapDeltaBytes                        = 1048576                                   {product} {ergonomic}
    uintx NonNMethodCodeHeapSize                   = 7594288                                {pd product} {ergonomic}
    uintx NonProfiledCodeHeapSize                  = 122031976                              {pd product} {ergonomic}
    uintx ProfiledCodeHeapSize                     = 122031976                              {pd product} {ergonomic}
    uintx ReservedCodeCacheSize                    = 251658240                              {pd product} {ergonomic}
     bool SegmentedCodeCache                       = true                                      {product} {ergonomic}
     bool UseCompressedClassPointers               = true                                 {lp64_product} {ergonomic}
     bool UseCompressedOops                        = true                                 {lp64_product} {ergonomic}
     bool UseG1GC                                  = true                                      {product} {ergonomic}
     bool UseLargePagesIndividualAllocation        = false                                  {pd product} {ergonomic}

Logging:
Log output configuration:
 #0: stdout all=warning uptime,level,tags
 #1: stderr all=off uptime,level,tags

Environment Variables:
JAVA_HOME=D:\Tech\Adobe Unity\2022.3.11f1\Editor\Data\PlaybackEngines\AndroidPlayer\OpenJDK
JAVA_TOOL_OPTIONS=-Dfile.encoding=UTF-8
PATH=C:\Program Files (x86)\Common Files\Oracle\Java\javapath;C:\Windows\system32;C:\Windows;C:\Windows\System32\Wbem;C:\Windows\System32\WindowsPowerShell\v1.0\;C:\Windows\System32\OpenSSH\;C:\Program Files (x86)\NVIDIA Corporation\PhysX\Common;C:\Program Files\NVIDIA Corporation\NVIDIA NvDLISR;C:\WINDOWS\system32;C:\WINDOWS;C:\WINDOWS\System32\Wbem;C:\WINDOWS\System32\WindowsPowerShell\v1.0\;C:\WINDOWS\System32\OpenSSH\;D:\Tech\Git\Git\cmd;C:\Users\ROG GAMING\AppData\Local\Microsoft\WindowsApps;C:\Users\ROG GAMING\AppData\Local\Programs\Microsoft VS Code\bin;C:\Users\ROG GAMING\AppData\Local\GitHubDesktop\bin
USERNAME=ROG GAMING
OS=Windows_NT
PROCESSOR_IDENTIFIER=AMD64 Family 25 Model 68 Stepping 1, AuthenticAMD



---------------  S Y S T E M  ---------------

OS: Windows 11 , 64 bit Build 22621 (10.0.22621.2428)
OS uptime: 0 days 11:47 hours
Hyper-V role detected

CPU:total 16 (initial active 16) (16 cores per cpu, 2 threads per core) family 25 model 68 stepping 1 microcode 0x0, cmov, cx8, fxsr, mmx, sse, sse2, sse3, ssse3, sse4.1, sse4.2, popcnt, avx, avx2, aes, clmul, erms, mmxext, 3dnowpref, lzcnt, sse4a, ht, tsc, tscinvbit, tscinv, bmi1, bmi2, adx, sha, fma

Memory: 4k page, system-wide physical 15628M (557M free)
TotalPageFile size 44378M (AvailPageFile size 173M)
current process WorkingSet (physical memory assigned to process): 11M, peak: 11M
current process commit charge ("private bytes"): 71M, peak: 317M

vm_info: OpenJDK 64-Bit Server VM (11.0.14.1+1) for windows-amd64 JRE (11.0.14.1+1), built on Feb  9 2022 01:48:27 by "" with unknown MS VC++:1916

END.
